\BOOKMARK [1][-]{section.1}{\376\377\000L\000e\000z\000i\000o\000n\000e\000\040\000d\000e\000l\000\040\0002\0004\000-\0000\0002\000-\0002\0005}{}% 1
\BOOKMARK [2][-]{subsection.1.1}{\376\377\000I\000n\000t\000r\000o\000d\000u\000z\000i\000o\000n\000e\000\040\000a\000l\000\040\000c\000o\000r\000s\000o}{section.1}% 2
\BOOKMARK [2][-]{subsection.1.2}{\376\377\000A\000r\000c\000h\000i\000t\000e\000t\000t\000u\000r\000a}{section.1}% 3
\BOOKMARK [3][-]{subsubsection.1.2.1}{\376\377\000F\000l\000u\000s\000s\000o\000\040\000d\000i\000\040\000c\000o\000n\000t\000r\000o\000l\000l\000o}{subsection.1.2}% 4
\BOOKMARK [3][-]{subsubsection.1.2.2}{\376\377\000B\000o\000o\000t\000s\000t\000r\000a\000p}{subsection.1.2}% 5
\BOOKMARK [2][-]{subsection.1.3}{\376\377\000M\000e\000m\000o\000r\000i\000a}{section.1}% 6
\BOOKMARK [3][-]{subsubsection.1.3.1}{\376\377\000E\000n\000d\000i\000a\000n\000e\000s\000s}{subsection.1.3}% 7
\BOOKMARK [3][-]{subsubsection.1.3.2}{\376\377\000A\000l\000l\000i\000n\000e\000a\000m\000e\000n\000t\000o}{subsection.1.3}% 8
\BOOKMARK [1][-]{section.2}{\376\377\000L\000e\000z\000i\000o\000n\000e\000\040\000d\000e\000l\000\040\0002\0005\000-\0000\0002\000-\0002\0005}{}% 9
\BOOKMARK [2][-]{subsection.2.1}{\376\377\000I\000n\000t\000e\000r\000a\000z\000i\000o\000n\000e\000\040\000f\000r\000a\000\040\000C\000P\000U\000\040\000e\000\040\000m\000e\000m\000o\000r\000i\000a}{section.2}% 10
\BOOKMARK [3][-]{subsubsection.2.1.1}{\376\377\000S\000t\000r\000u\000t\000t\000u\000r\000a\000\040\000d\000e\000l\000l\000a\000\040\000R\000A\000M}{subsection.2.1}% 11
\BOOKMARK [3][-]{subsubsection.2.1.2}{\376\377\000A\000l\000l\000i\000n\000e\000a\000m\000e\000n\000t\000o\000\040\000e\000\040\000R\000A\000M}{subsection.2.1}% 12
\BOOKMARK [2][-]{subsection.2.2}{\376\377\000S\000p\000a\000z\000i\000o\000\040\000d\000i\000\040\000I\000/\000O}{section.2}% 13
\BOOKMARK [2][-]{subsection.2.3}{\376\377\000T\000a\000s\000t\000i\000e\000r\000a}{section.2}% 14
\BOOKMARK [1][-]{section.3}{\376\377\000L\000e\000z\000i\000o\000n\000e\000\040\000d\000e\000l\000\040\0000\0003\000-\0000\0003\000-\0002\0005}{}% 15
\BOOKMARK [2][-]{subsection.3.1}{\376\377\000V\000i\000d\000e\000o}{section.3}% 16
\BOOKMARK [3][-]{subsubsection.3.1.1}{\376\377\000I\000n\000d\000i\000r\000i\000z\000z\000a\000m\000e\000n\000t\000o\000\040\000d\000e\000i\000\040\000r\000e\000g\000i\000s\000t\000r\000i\000\040\000d\000e\000l\000l\000'\000a\000d\000a\000t\000t\000a\000t\000o\000r\000e\000\040\000v\000i\000d\000e\000o}{subsection.3.1}% 17
\BOOKMARK [2][-]{subsection.3.2}{\376\377\000T\000i\000m\000e\000r}{section.3}% 18
\BOOKMARK [3][-]{subsubsection.3.2.1}{\376\377\000S\000o\000n\000o\000r\000o}{subsection.3.2}% 19
\BOOKMARK [1][-]{section.4}{\376\377\000L\000e\000z\000i\000o\000n\000e\000\040\000d\000e\000l\000\040\0000\0004\000-\0000\0003\000-\0002\0005}{}% 20
\BOOKMARK [2][-]{subsection.4.1}{\376\377\000H\000a\000r\000d\000\040\000d\000i\000s\000k}{section.4}% 21
\BOOKMARK [3][-]{subsubsection.4.1.1}{\376\377\000I\000n\000t\000e\000r\000f\000a\000c\000c\000i\000a\000\040\000S\000A\000T\000A}{subsection.4.1}% 22
\BOOKMARK [2][-]{subsection.4.2}{\376\377\000C\000a\000c\000h\000i\000n\000g}{section.4}% 23
\BOOKMARK [3][-]{subsubsection.4.2.1}{\376\377\000P\000r\000i\000n\000c\000i\000p\000i\000\040\000d\000i\000\040\000l\000o\000c\000a\000l\000i\000t\000a\000'}{subsection.4.2}% 24
\BOOKMARK [3][-]{subsubsection.4.2.2}{\376\377\000C\000a\000c\000h\000e\000\040\000a\000d\000\040\000i\000n\000d\000i\000r\000i\000z\000z\000a\000m\000e\000n\000t\000o\000\040\000d\000i\000r\000e\000t\000t\000o}{subsection.4.2}% 25
